<?xml version="1.0" encoding="UTF-8" ?>
<testsuites>
  <testsuite errors="0" failures="0" hostname="RKC-THINK" id="0" name="PostControllerTests" package="zynx" tests="5" time="12.704" timestamp="2014-07-28T09:46:27">
      <properties />

      <testcase classname="zynx.PostControllerTests" name="testHome" time="7.531" />

      <testcase classname="zynx.PostControllerTests" name="testTimelineGivenId" time="3.571" />

      <testcase classname="zynx.PostControllerTests" name="testErrorWhenNonExistentUser" time="0.365" />

      <testcase classname="zynx.PostControllerTests" name="testAddPostToTimeline" time="0.758" />

      <testcase classname="zynx.PostControllerTests" name="testInvalidNewPostToTimeline" time="0.341" />

      <system-out><![CDATA[--Output from testHome--
--Output from testTimelineGivenId--
--Output from testErrorWhenNonExistentUser--
--Output from testAddPostToTimeline--
--Output from testInvalidNewPostToTimeline--
]]></system-out>

      <system-err><![CDATA[--Output from testHome--
--Output from testTimelineGivenId--
--Output from testErrorWhenNonExistentUser--
--Output from testAddPostToTimeline--
--Output from testInvalidNewPostToTimeline--
]]></system-err>

  </testsuite>
</testsuites>
