<?xml version="1.0" encoding="UTF-8" ?>
<testsuite errors="0" failures="0" hostname="RKC-THINK" name="zynx.QueryIntegrationTests" tests="5" time="1.564" timestamp="2014-07-28T08:25:28">
  <properties />
  <testcase classname="zynx.QueryIntegrationTests" name="testPropertyComparison" time="0.932" />
  <testcase classname="zynx.QueryIntegrationTests" name="testMultipleCriteria" time="0.125" />
  <testcase classname="zynx.QueryIntegrationTests" name="testQueryOfSingleInstance" time="0.064" />
  <testcase classname="zynx.QueryIntegrationTests" name="testQueryAgainstRange" time="0.087" />
  <testcase classname="zynx.QueryIntegrationTests" name="testQueryOnAssociation" time="0.306" />
  <system-out><![CDATA[--Output from testPropertyComparison--
--Output from testMultipleCriteria--
--Output from testQueryOfSingleInstance--
--Output from testQueryAgainstRange--
--Output from testQueryOnAssociation--
]]></system-out>
  <system-err><![CDATA[--Output from testPropertyComparison--
--Output from testMultipleCriteria--
--Output from testQueryOfSingleInstance--
--Output from testQueryAgainstRange--
--Output from testQueryOnAssociation--
]]></system-err>
</testsuite>
